<?xml version="1.0" encoding="UTF-8"?>
<!-- Generated by org.testng.reporters.JUnitReportReporter -->
<testsuite hostname="DESKTOP-IOI5OKP" failures="0" tests="1" name="testng.test" time="51.648" errors="0" timestamp="2022-12-28T15:23:02 IST" skipped="0">
  <testcase classname="testng.test" name="tc1" time="51.648"/>
  <system-out>
    <![CDATA[hi testing how are you]]>
  </system-out>
</testsuite> <!-- testng.test -->
