<?xml version="1.0" encoding="UTF-8"?>
<!-- Generated by org.testng.reporters.JUnitReportReporter -->
<testsuite hostname="DESKTOP-IOI5OKP" failures="0" tests="3" name="test_ngsam.Sample3" time="0.009" errors="0" timestamp="2023-01-03T22:30:34 IST" skipped="0">
  <testcase classname="test_ngsam.Sample3" name="TC10" time="0.003"/>
  <system-out>
    <![CDATA[running tc10]]>
  </system-out>
  <testcase classname="test_ngsam.Sample3" name="TC9" time="0.003"/>
  <system-out>
    <![CDATA[running tc9]]>
  </system-out>
  <testcase classname="test_ngsam.Sample3" name="TC8" time="0.003"/>
  <system-out>
    <![CDATA[running tc8]]>
  </system-out>
</testsuite> <!-- test_ngsam.Sample3 -->
