<?xml version="1.0" encoding="UTF-8"?>
<!-- Generated by org.testng.reporters.JUnitReportReporter -->
<testsuite hostname="DESKTOP-IOI5OKP" failures="0" tests="1" name="test_ng.Testing_Annotion" time="0.014" errors="0" timestamp="2022-12-28T21:27:27 IST" skipped="0">
  <testcase classname="test_ng.Testing_Annotion" name="verifyText" time="0.014"/>
  <system-out>
    <![CDATA[running  actual test case]]>
  </system-out>
</testsuite> <!-- test_ng.Testing_Annotion -->
