<?xml version="1.0" encoding="UTF-8"?>
<!-- Generated by org.testng.reporters.JUnitReportReporter -->
<testsuite hostname="DESKTOP-IOI5OKP" failures="0" tests="1" name="test_ng.Parallel2" time="27.421" errors="0" timestamp="2023-01-03T22:42:39 IST" skipped="0">
  <testcase classname="test_ng.Parallel2" name="TC2" time="27.421"/>
  <system-out/>
</testsuite> <!-- test_ng.Parallel2 -->
