<?xml version="1.0" encoding="UTF-8"?>
<!-- Generated by org.testng.reporters.JUnitReportReporter -->
<testsuite hostname="DESKTOP-IOI5OKP" failures="0" tests="2" name="testng.Testtp" time="0.029" errors="0" timestamp="2022-12-28T19:10:22 IST" skipped="0">
  <testcase classname="testng.Testtp" name="test1" time="0.003"/>
  <system-out>
    <![CDATA[test case2 pass]]>
  </system-out>
  <testcase classname="testng.Testtp" name="test" time="0.026"/>
  <system-out>
    <![CDATA[test 1 is pass]]>
  </system-out>
</testsuite> <!-- testng.Testtp -->
