<?xml version="1.0" encoding="UTF-8"?>
<!-- Generated by org.testng.reporters.JUnitReportReporter -->
<testsuite hostname="DESKTOP-IOI5OKP" failures="0" tests="3" name="test_ngsam.Sample2" time="0.011" errors="0" timestamp="2023-01-03T22:30:33 IST" skipped="0">
  <testcase classname="test_ngsam.Sample2" name="TC6" time="0.006"/>
  <system-out>
    <![CDATA[running tc6]]>
  </system-out>
  <testcase classname="test_ngsam.Sample2" name="TC4" time="0.002"/>
  <system-out>
    <![CDATA[running tc4]]>
  </system-out>
  <testcase classname="test_ngsam.Sample2" name="TC5" time="0.003"/>
  <system-out>
    <![CDATA[running tc5]]>
  </system-out>
</testsuite> <!-- test_ngsam.Sample2 -->
