<?xml version="1.0" encoding="UTF-8"?>
<!-- Generated by org.testng.reporters.JUnitReportReporter -->
<testsuite hostname="DESKTOP-IOI5OKP" failures="0" tests="1" name="testng.Testp3" time="55.384" errors="0" timestamp="2022-12-28T16:51:16 IST" skipped="0">
  <testcase classname="testng.Testp3" name="test" time="55.384"/>
  <system-out>
    <![CDATA[hii how r u]]>
  </system-out>
</testsuite> <!-- testng.Testp3 -->
