<?xml version="1.0" encoding="UTF-8"?>
<!-- Generated by org.testng.reporters.JUnitReportReporter -->
<testsuite hostname="DESKTOP-IOI5OKP" failures="0" tests="2" name="test_ng.Multibrowser" time="180.119" errors="0" timestamp="2023-01-05T23:01:30 IST" skipped="0">
  <testcase classname="test_ng.Multibrowser" name="TC" time="51.434"/>
  <system-out/>
  <testcase classname="test_ng.Multibrowser" name="TC" time="128.685"/>
  <system-out/>
</testsuite> <!-- test_ng.Multibrowser -->
