<?xml version="1.0" encoding="UTF-8"?>
<!-- Generated by org.testng.reporters.JUnitReportReporter -->
<testsuite hostname="DESKTOP-IOI5OKP" failures="0" tests="3" name="test_ngsam.Sample1" time="0.036" errors="0" timestamp="2023-01-03T22:30:33 IST" skipped="0">
  <testcase classname="test_ngsam.Sample1" name="TC2" time="0.003"/>
  <system-out>
    <![CDATA[running tc2]]>
  </system-out>
  <testcase classname="test_ngsam.Sample1" name="TC1" time="0.030"/>
  <system-out>
    <![CDATA[running tc1]]>
  </system-out>
  <testcase classname="test_ngsam.Sample1" name="TC3" time="0.003"/>
  <system-out>
    <![CDATA[running tc3]]>
  </system-out>
</testsuite> <!-- test_ngsam.Sample1 -->
