<?xml version="1.0" encoding="UTF-8"?>
<!-- Generated by org.testng.reporters.JUnitReportReporter -->
<testsuite hostname="DESKTOP-IOI5OKP" failures="0" tests="1" name="test_ng.Sample2" time="0.028" errors="1" timestamp="2023-01-03T16:42:28 IST" skipped="0">
  <testcase classname="test_ng.Sample2" name="TC7" time="0.028">
    <error message="Unresolved compilation problems: 
	The annotation @Test is disallowed for this location
	void[] is an invalid type
	Syntax error on token &quot;TC8&quot;, AnnotationName expected after this token
	Illegal modifier for parameter TC8; only final is permitted
	Syntax error, insert &quot;[ ]&quot; to complete Dimension
	Syntax error, insert &quot;;&quot; to complete LocalVariableDeclarationStatement
	Syntax error, insert &quot;;&quot; to complete LocalVariableDeclarationStatement
	void is an invalid type for the variable tc9
" type="java.lang.Error">
      <![CDATA[java.lang.Error: Unresolved compilation problems: 
The annotation @Test is disallowed for this location
void[] is an invalid type
Syntax error on token "TC8", AnnotationName expected after this token
Illegal modifier for parameter TC8; only final is permitted
Syntax error, insert "[ ]" to complete Dimension
Syntax error, insert ";" to complete LocalVariableDeclarationStatement
Syntax error, insert ";" to complete LocalVariableDeclarationStatement
void is an invalid type for the variable tc9

at test_ng.Sample2.TC7(Sample2.java:10)
at java.base/jdk.internal.reflect.DirectMethodHandleAccessor.invoke(DirectMethodHandleAccessor.java:104)
at java.base/java.lang.reflect.Method.invoke(Method.java:577)
at org.testng.internal.MethodInvocationHelper.invokeMethod(MethodInvocationHelper.java:133)
at org.testng.internal.TestInvoker.invokeMethod(TestInvoker.java:598)
at org.testng.internal.TestInvoker.invokeTestMethod(TestInvoker.java:173)
at org.testng.internal.MethodRunner.runInSequence(MethodRunner.java:46)
at org.testng.internal.TestInvoker$MethodInvocationAgent.invoke(TestInvoker.java:824)
at org.testng.internal.TestInvoker.invokeTestMethods(TestInvoker.java:146)
at org.testng.internal.TestMethodWorker.invokeTestMethods(TestMethodWorker.java:146)
at org.testng.internal.TestMethodWorker.run(TestMethodWorker.java:128)
at java.base/java.util.ArrayList.forEach(ArrayList.java:1511)
at org.testng.TestRunner.privateRun(TestRunner.java:794)
at org.testng.TestRunner.run(TestRunner.java:596)
at org.testng.SuiteRunner.runTest(SuiteRunner.java:377)
at org.testng.SuiteRunner.runSequentially(SuiteRunner.java:371)
at org.testng.SuiteRunner.privateRun(SuiteRunner.java:332)
at org.testng.SuiteRunner.run(SuiteRunner.java:276)
at org.testng.SuiteRunnerWorker.runSuite(SuiteRunnerWorker.java:53)
at org.testng.SuiteRunnerWorker.run(SuiteRunnerWorker.java:96)
at org.testng.TestNG.runSuitesSequentially(TestNG.java:1212)
at org.testng.TestNG.runSuitesLocally(TestNG.java:1134)
at org.testng.TestNG.runSuites(TestNG.java:1063)
at org.testng.TestNG.run(TestNG.java:1031)
at org.testng.remote.AbstractRemoteTestNG.run(AbstractRemoteTestNG.java:115)
at org.testng.remote.RemoteTestNG.initAndRun(RemoteTestNG.java:251)
at org.testng.remote.RemoteTestNG.main(RemoteTestNG.java:77)
]]>
    </error>
  </testcase> <!-- TC7 -->
  <system-out/>
</testsuite> <!-- test_ng.Sample2 -->
