<?xml version="1.0" encoding="UTF-8"?>
<!-- Generated by org.testng.reporters.JUnitReportReporter -->
<testsuite hostname="DESKTOP-IOI5OKP" failures="0" tests="1" name="testng.Testp1" time="27.749" errors="0" timestamp="2022-12-28T16:28:16 IST" skipped="0">
  <testcase classname="testng.Testp1" name="tc2" time="27.749"/>
  <system-out>
    <![CDATA[hii nice to meet you]]>
  </system-out>
</testsuite> <!-- testng.Testp1 -->
