<?xml version="1.0" encoding="UTF-8"?>
<!-- Generated by org.testng.reporters.JUnitReportReporter -->
<testsuite hostname="DESKTOP-IOI5OKP" failures="0" tests="3" name="test_ng.Priority" time="0.028" errors="0" timestamp="2022-12-28T21:37:49 IST" skipped="0">
  <testcase classname="test_ng.Priority" name="TC2" time="0.022"/>
  <system-out>
    <![CDATA[running TC 2]]>
  </system-out>
  <testcase classname="test_ng.Priority" name="TC3" time="0.003"/>
  <system-out>
    <![CDATA[running TC 3]]>
  </system-out>
  <testcase classname="test_ng.Priority" name="TC1" time="0.003"/>
  <system-out>
    <![CDATA[running TC 1]]>
  </system-out>
</testsuite> <!-- test_ng.Priority -->
